Start testing: Jun 06 21:51 Central European Daylight Time
----------------------------------------------------------
1/1 Testing: boostUnitTestsRun
1/1 Test: boostUnitTestsRun
Command: "C:/Users/John/Desktop/checkers/tests/Release/Tests.exe"
Directory: C:/Users/John/Desktop/checkers/tests
"boostUnitTestsRun" start time: Jun 06 21:51 Central European Daylight Time
Output:
----------------------------------------------------------
Running 29 test cases...

*** No errors detected
<end of output>
Test time =   0.02 sec
----------------------------------------------------------
Test Passed.
"boostUnitTestsRun" end time: Jun 06 21:51 Central European Daylight Time
"boostUnitTestsRun" time elapsed: 00:00:00
----------------------------------------------------------

End testing: Jun 06 21:51 Central European Daylight Time
